Request method:	POST
Request URI:	https://test-api.twg.co.nz/loyalty-v1/loyalty/accounts/loyalty-v1/loyalty/accounts
Proxy:			<none>
Request params:	<none>
Query params:	<none>
Form params:	<none>
Path params:	<none>
Headers:		x-api-key=tKySF1qrPUt768FCuQ2N7dZV8OqoQoXdDTsFoWb0
				Accept=*/*
				Content-Type=application/json
Cookies:		<none>
Multiparts:		<none>
Body:
{
    "customerId": "",
    "brand": "twl",
    "friendlyName": "LeonardWelch",
    "firstName": "Dirk",
    "lastName": "Hodkiewicz",
    "email": "leigh.watsica@gmail.com"
}
HTTP/1.1 403 Forbidden
Date: Tue, 14 Dec 2021 03:24:17 GMT
Content-Type: application/json
Content-Length: 42
Connection: keep-alive
x-amzn-RequestId: 72ea2826-a9a9-4080-8c89-0303355a1657
x-amzn-ErrorType: MissingAuthenticationTokenException
x-amz-apigw-id: KUcvSE18SwMFVIA=
CF-Cache-Status: DYNAMIC
Expect-CT: max-age=604800, report-uri="https://report-uri.cloudflare.com/cdn-cgi/beacon/expect-ct"
Server: cloudflare
CF-RAY: 6bd451810951a439-AKL

{
    "message": "Missing Authentication Token"
}
